C:\Program Files (x86)\Microsoft Visual Studio\2017\Enterprise\Common7\IDE\VC\VCTargets\Microsoft.CppBuild.targets(391,5): warning MSB8028: The intermediate directory (C:\Users\cleme\source\repos\ProjetRaspberry\ProjetRaspberry\obj\ARM\Debug\) contains files shared from another project (RaspberryPiSlave.vcxproj).  This can lead to incorrect clean and rebuild behavior.
  Validating sources
  Copying sources remotely to '192.168.2.2'
  Validating architecture
  Starting remote build
  Compiling sources:
  main.cpp
  RaspberryPiSlave.cpp
C:\Users\cleme\source\repos\ProjetRaspberry\ProjetRaspberry\RaspberryPiSlave.cpp(10,29): warning : conversion to ‘uint16_t {aka short unsigned int}’ from ‘int’ may alter its value [-Wconversion]
C:\Users\cleme\source\repos\ProjetRaspberry\ProjetRaspberry\RaspberryPiSlave.cpp(10,29): warning :   serv_addr.sin_port = htons(port);// convert portno from host byte order to network byte order
C:\Users\cleme\source\repos\ProjetRaspberry\ProjetRaspberry\RaspberryPiSlave.cpp(10,29): warning :                              ^~~~
C:\Users\cleme\source\repos\ProjetRaspberry\ProjetRaspberry\RaspberryPiSlave.cpp(13,52): warning : ISO C++ forbids converting a string constant to ‘char*’ [-Wwrite-strings]
C:\Users\cleme\source\repos\ProjetRaspberry\ProjetRaspberry\RaspberryPiSlave.cpp(13,52): warning :    Error("Error occured on binding listening socket");
C:\Users\cleme\source\repos\ProjetRaspberry\ProjetRaspberry\RaspberryPiSlave.cpp(13,52): warning :                                                     ^
C:\Users\cleme\source\repos\ProjetRaspberry\ProjetRaspberry\RaspberryPiSlave.cpp(31,19): warning : converting to non-pointer type ‘int’ from NULL [-Wconversion-null]
C:\Users\cleme\source\repos\ProjetRaspberry\ProjetRaspberry\RaspberryPiSlave.cpp(31,19): warning :   if (int socket = NULL)
C:\Users\cleme\source\repos\ProjetRaspberry\ProjetRaspberry\RaspberryPiSlave.cpp(31,19): warning :                    ^~~~
C:\Users\cleme\source\repos\ProjetRaspberry\ProjetRaspberry\RaspberryPiSlave.cpp(31,10): warning : unused variable ‘socket’ [-Wunused-variable]
C:\Users\cleme\source\repos\ProjetRaspberry\ProjetRaspberry\RaspberryPiSlave.cpp(31,10): warning :   if (int socket = NULL)
C:\Users\cleme\source\repos\ProjetRaspberry\ProjetRaspberry\RaspberryPiSlave.cpp(31,10): warning :           ^~~~~~
C:\Users\cleme\source\repos\ProjetRaspberry\ProjetRaspberry\RaspberryPiSlave.cpp(46,19): warning : converting to non-pointer type ‘int’ from NULL [-Wconversion-null]
C:\Users\cleme\source\repos\ProjetRaspberry\ProjetRaspberry\RaspberryPiSlave.cpp(46,19): warning :   if (int socket = NULL)
C:\Users\cleme\source\repos\ProjetRaspberry\ProjetRaspberry\RaspberryPiSlave.cpp(46,19): warning :                    ^~~~
C:\Users\cleme\source\repos\ProjetRaspberry\ProjetRaspberry\RaspberryPiSlave.cpp(46,10): warning : unused variable ‘socket’ [-Wunused-variable]
C:\Users\cleme\source\repos\ProjetRaspberry\ProjetRaspberry\RaspberryPiSlave.cpp(46,10): warning :   if (int socket = NULL)
C:\Users\cleme\source\repos\ProjetRaspberry\ProjetRaspberry\RaspberryPiSlave.cpp(46,10): warning :           ^~~~~~
C:\Users\cleme\source\repos\ProjetRaspberry\ProjetRaspberry\RaspberryPiSlave.cpp(51,7): warning : address of local variable ‘buffer’ returned [-Wreturn-local-addr]
C:\Users\cleme\source\repos\ProjetRaspberry\ProjetRaspberry\RaspberryPiSlave.cpp(51,7): warning :   char buffer[DEFAULT_BUFLEN];
C:\Users\cleme\source\repos\ProjetRaspberry\ProjetRaspberry\RaspberryPiSlave.cpp(51,7): warning :        ^~~~~~
C:\Users\cleme\source\repos\ProjetRaspberry\ProjetRaspberry\RaspberryPiSlave.cpp(75,27): warning : ISO C++ forbids converting a string constant to ‘char*’ [-Wwrite-strings]
C:\Users\cleme\source\repos\ProjetRaspberry\ProjetRaspberry\RaspberryPiSlave.cpp(75,27): warning :     Error("ERROR on accept");
C:\Users\cleme\source\repos\ProjetRaspberry\ProjetRaspberry\RaspberryPiSlave.cpp(75,27): warning :                            ^
  Linking objects
  ProjetRaspberry.vcxproj -> C:\Users\cleme\source\repos\ProjetRaspberry\ProjetRaspberry\bin\ARM\Debug\ProjetRaspberry.out
  Invoking 'gpio export 17 out', working directory: '/home/pi/projects/ProjetRaspberry'
